
**** Build of configuration Release for project cryomesh ****

make all 
Building file: ../src/utilities/SequencerChannels.cpp
Invoking: GCC C++ Compiler
/usr/bin/g++-4.5 -I"/home/niall/Projects/Eclipse/CPP/cryomesh-common/src" -I"/home/niall/Projects/Eclipse/CPP/cryomesh/src" -I/usr/include/boost -O2 -Wall -c -fmessage-length=0 -std=c++0x -fPIC `pkg-config --cflags sqlite3 libxml++-2.6` -MMD -MP -MF"src/utilities/SequencerChannels.d" -MT"src/utilities/SequencerChannels.d" -o"src/utilities/SequencerChannels.o" "../src/utilities/SequencerChannels.cpp"
Finished building: ../src/utilities/SequencerChannels.cpp
 
Building file: ../src/utilities/SequencerGeneric.cpp
Invoking: GCC C++ Compiler
/usr/bin/g++-4.5 -I"/home/niall/Projects/Eclipse/CPP/cryomesh-common/src" -I"/home/niall/Projects/Eclipse/CPP/cryomesh/src" -I/usr/include/boost -O2 -Wall -c -fmessage-length=0 -std=c++0x -fPIC `pkg-config --cflags sqlite3 libxml++-2.6` -MMD -MP -MF"src/utilities/SequencerGeneric.d" -MT"src/utilities/SequencerGeneric.d" -o"src/utilities/SequencerGeneric.o" "../src/utilities/SequencerGeneric.cpp"
Finished building: ../src/utilities/SequencerGeneric.cpp
 
Building file: ../src/utilities/Statistician.cpp
Invoking: GCC C++ Compiler
/usr/bin/g++-4.5 -I"/home/niall/Projects/Eclipse/CPP/cryomesh-common/src" -I"/home/niall/Projects/Eclipse/CPP/cryomesh/src" -I/usr/include/boost -O2 -Wall -c -fmessage-length=0 -std=c++0x -fPIC `pkg-config --cflags sqlite3 libxml++-2.6` -MMD -MP -MF"src/utilities/Statistician.d" -MT"src/utilities/Statistician.d" -o"src/utilities/Statistician.o" "../src/utilities/Statistician.cpp"
In file included from /home/niall/Projects/Eclipse/CPP/cryomesh/src/components/ConnectionMap.h:17:0,
                 from /home/niall/Projects/Eclipse/CPP/cryomesh/src/structures/Cluster.h:12,
                 from /home/niall/Projects/Eclipse/CPP/cryomesh/src/structures/ClusterMap.h:14,
                 from /home/niall/Projects/Eclipse/CPP/cryomesh/src/structures/Bundle.h:14,
                 from ../src/utilities/Statistician.cpp:9:
/home/niall/Projects/Eclipse/CPP/cryomesh/src/components/Connection.h:147:3: warning: "/*" within comment
In file included from /home/niall/Projects/Eclipse/CPP/cryomesh/src/structures/Cluster.h:21:0,
                 from /home/niall/Projects/Eclipse/CPP/cryomesh/src/structures/ClusterMap.h:14,
                 from /home/niall/Projects/Eclipse/CPP/cryomesh/src/structures/Bundle.h:14,
                 from ../src/utilities/Statistician.cpp:9:
/home/niall/Projects/Eclipse/CPP/cryomesh/src/components/Connection.h:147:3: warning: "/*" within comment
Finished building: ../src/utilities/Statistician.cpp
 
Building file: ../src/structures/Bundle.cpp
Invoking: GCC C++ Compiler
/usr/bin/g++-4.5 -I"/home/niall/Projects/Eclipse/CPP/cryomesh-common/src" -I"/home/niall/Projects/Eclipse/CPP/cryomesh/src" -I/usr/include/boost -O2 -Wall -c -fmessage-length=0 -std=c++0x -fPIC `pkg-config --cflags sqlite3 libxml++-2.6` -MMD -MP -MF"src/structures/Bundle.d" -MT"src/structures/Bundle.d" -o"src/structures/Bundle.o" "../src/structures/Bundle.cpp"
In file included from /home/niall/Projects/Eclipse/CPP/cryomesh/src/components/ConnectionMap.h:17:0,
                 from ../src/structures/Cluster.h:12,
                 from ../src/structures/ClusterMap.h:14,
                 from ../src/structures/Bundle.h:14,
                 from ../src/structures/Bundle.cpp:10:
/home/niall/Projects/Eclipse/CPP/cryomesh/src/components/Connection.h:147:3: warning: "/*" within comment
In file included from ../src/structures/Cluster.h:21:0,
                 from ../src/structures/ClusterMap.h:14,
                 from ../src/structures/Bundle.h:14,
                 from ../src/structures/Bundle.cpp:10:
/home/niall/Projects/Eclipse/CPP/cryomesh/src/components/Connection.h:147:3: warning: "/*" within comment
Finished building: ../src/structures/Bundle.cpp
 
Building file: ../src/structures/Cluster.cpp
Invoking: GCC C++ Compiler
/usr/bin/g++-4.5 -I"/home/niall/Projects/Eclipse/CPP/cryomesh-common/src" -I"/home/niall/Projects/Eclipse/CPP/cryomesh/src" -I/usr/include/boost -O2 -Wall -c -fmessage-length=0 -std=c++0x -fPIC `pkg-config --cflags sqlite3 libxml++-2.6` -MMD -MP -MF"src/structures/Cluster.d" -MT"src/structures/Cluster.d" -o"src/structures/Cluster.o" "../src/structures/Cluster.cpp"
In file included from /home/niall/Projects/Eclipse/CPP/cryomesh/src/components/ConnectionMap.h:17:0,
                 from ../src/structures/Cluster.h:12,
                 from ../src/structures/Cluster.cpp:10:
/home/niall/Projects/Eclipse/CPP/cryomesh/src/components/Connection.h:147:3: warning: "/*" within comment
In file included from ../src/structures/Cluster.h:21:0,
                 from ../src/structures/Cluster.cpp:10:
/home/niall/Projects/Eclipse/CPP/cryomesh/src/components/Connection.h:147:3: warning: "/*" within comment
Finished building: ../src/structures/Cluster.cpp
 
Building file: ../src/structures/Fibre.cpp
Invoking: GCC C++ Compiler
/usr/bin/g++-4.5 -I"/home/niall/Projects/Eclipse/CPP/cryomesh-common/src" -I"/home/niall/Projects/Eclipse/CPP/cryomesh/src" -I/usr/include/boost -O2 -Wall -c -fmessage-length=0 -std=c++0x -fPIC `pkg-config --cflags sqlite3 libxml++-2.6` -MMD -MP -MF"src/structures/Fibre.d" -MT"src/structures/Fibre.d" -o"src/structures/Fibre.o" "../src/structures/Fibre.cpp"
In file included from /home/niall/Projects/Eclipse/CPP/cryomesh/src/components/ConnectionMap.h:17:0,
                 from ../src/structures/Fibre.h:11,
                 from ../src/structures/Fibre.cpp:8:
/home/niall/Projects/Eclipse/CPP/cryomesh/src/components/Connection.h:147:3: warning: "/*" within comment
In file included from ../src/structures/Fibre.cpp:9:0:
/home/niall/Projects/Eclipse/CPP/cryomesh/src/components/Connection.h:147:3: warning: "/*" within comment
Finished building: ../src/structures/Fibre.cpp
 
Building file: ../src/structures/Mesh.cpp
Invoking: GCC C++ Compiler
/usr/bin/g++-4.5 -I"/home/niall/Projects/Eclipse/CPP/cryomesh-common/src" -I"/home/niall/Projects/Eclipse/CPP/cryomesh/src" -I/usr/include/boost -O2 -Wall -c -fmessage-length=0 -std=c++0x -fPIC `pkg-config --cflags sqlite3 libxml++-2.6` -MMD -MP -MF"src/structures/Mesh.d" -MT"src/structures/Mesh.d" -o"src/structures/Mesh.o" "../src/structures/Mesh.cpp"
In file included from ../src/structures/Mesh.cpp:8:0:
../src/structures/Mesh.h:76:3: warning: "/*" within comment
In file included from /home/niall/Projects/Eclipse/CPP/cryomesh/src/components/ConnectionMap.h:17:0,
                 from ../src/structures/Cluster.h:12,
                 from ../src/structures/Mesh.cpp:12:
/home/niall/Projects/Eclipse/CPP/cryomesh/src/components/Connection.h:147:3: warning: "/*" within comment
In file included from ../src/structures/Cluster.h:21:0,
                 from ../src/structures/Mesh.cpp:12:
/home/niall/Projects/Eclipse/CPP/cryomesh/src/components/Connection.h:147:3: warning: "/*" within comment
Finished building: ../src/structures/Mesh.cpp
 
Building file: ../src/structures/NodeMesh.cpp
Invoking: GCC C++ Compiler
/usr/bin/g++-4.5 -I"/home/niall/Projects/Eclipse/CPP/cryomesh-common/src" -I"/home/niall/Projects/Eclipse/CPP/cryomesh/src" -I/usr/include/boost -O2 -Wall -c -fmessage-length=0 -std=c++0x -fPIC `pkg-config --cflags sqlite3 libxml++-2.6` -MMD -MP -MF"src/structures/NodeMesh.d" -MT"src/structures/NodeMesh.d" -o"src/structures/NodeMesh.o" "../src/structures/NodeMesh.cpp"
In file included from /home/niall/Projects/Eclipse/CPP/cryomesh/src/components/ConnectionMap.h:17:0,
                 from ../src/structures/Cluster.h:12,
                 from ../src/structures/NodeMesh.cpp:12:
/home/niall/Projects/Eclipse/CPP/cryomesh/src/components/Connection.h:147:3: warning: "/*" within comment
In file included from ../src/structures/Cluster.h:21:0,
                 from ../src/structures/NodeMesh.cpp:12:
/home/niall/Projects/Eclipse/CPP/cryomesh/src/components/Connection.h:147:3: warning: "/*" within comment
Finished building: ../src/structures/NodeMesh.cpp
 
Building file: ../src/state/ActivityPattern.cpp
Invoking: GCC C++ Compiler
/usr/bin/g++-4.5 -I"/home/niall/Projects/Eclipse/CPP/cryomesh-common/src" -I"/home/niall/Projects/Eclipse/CPP/cryomesh/src" -I/usr/include/boost -O2 -Wall -c -fmessage-length=0 -std=c++0x -fPIC `pkg-config --cflags sqlite3 libxml++-2.6` -MMD -MP -MF"src/state/ActivityPattern.d" -MT"src/state/ActivityPattern.d" -o"src/state/ActivityPattern.o" "../src/state/ActivityPattern.cpp"
In file included from ../src/state/ActivityPattern.h:11:0,
                 from ../src/state/ActivityPattern.cpp:8:
/home/niall/Projects/Eclipse/CPP/cryomesh-common/src/common/SimpleCollection.h: In member function ‘T cryomesh::common::SimpleCollection<T>::operator[](unsigned int) const [with T = double]’:
../src/state/ActivityPattern.cpp:69:1:   instantiated from here
/home/niall/Projects/Eclipse/CPP/cryomesh-common/src/common/SimpleCollection.h:250:3: warning: comparison between signed and unsigned integer expressions
Finished building: ../src/state/ActivityPattern.cpp
 
Building file: ../src/state/BinaryString.cpp
Invoking: GCC C++ Compiler
/usr/bin/g++-4.5 -I"/home/niall/Projects/Eclipse/CPP/cryomesh-common/src" -I"/home/niall/Projects/Eclipse/CPP/cryomesh/src" -I/usr/include/boost -O2 -Wall -c -fmessage-length=0 -std=c++0x -fPIC `pkg-config --cflags sqlite3 libxml++-2.6` -MMD -MP -MF"src/state/BinaryString.d" -MT"src/state/BinaryString.d" -o"src/state/BinaryString.o" "../src/state/BinaryString.cpp"
../src/state/BinaryString.cpp: In member function ‘int cryomesh::state::BinaryString::toInt() const’:
../src/state/BinaryString.cpp:186:25: warning: comparison between signed and unsigned integer expressions
../src/state/BinaryString.cpp: In member function ‘std::string cryomesh::state::BinaryString::toText() const’:
../src/state/BinaryString.cpp:253:24: warning: comparison between signed and unsigned integer expressions
Finished building: ../src/state/BinaryString.cpp
 
Building file: ../src/state/Pattern.cpp
Invoking: GCC C++ Compiler
/usr/bin/g++-4.5 -I"/home/niall/Projects/Eclipse/CPP/cryomesh-common/src" -I"/home/niall/Projects/Eclipse/CPP/cryomesh/src" -I/usr/include/boost -O2 -Wall -c -fmessage-length=0 -std=c++0x -fPIC `pkg-config --cflags sqlite3 libxml++-2.6` -MMD -MP -MF"src/state/Pattern.d" -MT"src/state/Pattern.d" -o"src/state/Pattern.o" "../src/state/Pattern.cpp"
Finished building: ../src/state/Pattern.cpp
 
Building file: ../src/state/PatternChannel.cpp
Invoking: GCC C++ Compiler
/usr/bin/g++-4.5 -I"/home/niall/Projects/Eclipse/CPP/cryomesh-common/src" -I"/home/niall/Projects/Eclipse/CPP/cryomesh/src" -I/usr/include/boost -O2 -Wall -c -fmessage-length=0 -std=c++0x -fPIC `pkg-config --cflags sqlite3 libxml++-2.6` -MMD -MP -MF"src/state/PatternChannel.d" -MT"src/state/PatternChannel.d" -o"src/state/PatternChannel.o" "../src/state/PatternChannel.cpp"
../src/state/PatternChannel.cpp: In member function ‘void cryomesh::state::PatternChannel::addPatterns(const std::list<boost::shared_ptr<cryomesh::state::Pattern> >&, int)’:
../src/state/PatternChannel.cpp:143:37: warning: comparison between signed and unsigned integer expressions
Finished building: ../src/state/PatternChannel.cpp
 
Building file: ../src/state/PatternTagByDate.cpp
Invoking: GCC C++ Compiler
/usr/bin/g++-4.5 -I"/home/niall/Projects/Eclipse/CPP/cryomesh-common/src" -I"/home/niall/Projects/Eclipse/CPP/cryomesh/src" -I/usr/include/boost -O2 -Wall -c -fmessage-length=0 -std=c++0x -fPIC `pkg-config --cflags sqlite3 libxml++-2.6` -MMD -MP -MF"src/state/PatternTagByDate.d" -MT"src/state/PatternTagByDate.d" -o"src/state/PatternTagByDate.o" "../src/state/PatternTagByDate.cpp"
